<?xml version="1.0" encoding="UTF-8"?>
<!-- Generated by org.testng.reporters.JUnitReportReporter -->
<testsuite hostname="THIRU" failures="0" tests="1" name="browsertesting.Browsertesting2" time="3.857" errors="0" timestamp="2023-03-08T16:27:20 IST" skipped="0">
  <testcase classname="browsertesting.Browsertesting2" name="browser" time="3.857"/>
  <system-out/>
</testsuite> <!-- browsertesting.Browsertesting2 -->
